Using pre-set license
Built from '2021.1/staging' branch; Version is '2021.1.7f1 (d91830b65d9b) revision 14227504'; Using compiler version '192528614'; Build Type 'Release'
OS: 'Windows 10 Home; OS build 22000.434; Version 2009; 64bit' Language: 'zh' Physical Memory: 16257 MB
BatchMode: 1, IsHumanControllingUs: 0, StartBugReporterOnCrash: 0, Is64bit: 1, IsPro: 0

 COMMAND LINE ARGUMENTS:
C:\Program Files\Unity\Hub\Editor\2021.1.7f1\Editor\Unity.exe
-adb2
-batchMode
-noUpm
-name
AssetImportWorker0
-projectPath
C:/Users/EdiC/Desktop/Courses/Game Design and Development/Project-2-Game/Project-2
-logFile
Logs/AssetImportWorker0.log
-srvPort
58255
Successfully changed project path to: C:/Users/EdiC/Desktop/Courses/Game Design and Development/Project-2-Game/Project-2
C:/Users/EdiC/Desktop/Courses/Game Design and Development/Project-2-Game/Project-2
Using Asset Import Pipeline V2.
Refreshing native plugins compatible for Editor in 84.54 ms, found 2 plugins.
Preloading 0 native plugins for Editor in 0.00 ms.
Initialize engine version: 2021.1.7f1 (d91830b65d9b)
[Subsystems] Discovering subsystems at path C:/Program Files/Unity/Hub/Editor/2021.1.7f1/Editor/Data/Resources/UnitySubsystems
[Subsystems] Discovering subsystems at path C:/Users/EdiC/Desktop/Courses/Game Design and Development/Project-2-Game/Project-2/Assets
GfxDevice: creating device client; threaded=0; jobified=0
Direct3D:
    Version:  Direct3D 11.0 [level 11.1]
    Renderer: NVIDIA GeForce RTX 2080 with Max-Q Design (ID=0x1ed0)
    Vendor:   NVIDIA
    VRAM:     8010 MB
    Driver:   30.0.14.9733
Initialize mono
Mono path[0] = 'C:/Program Files/Unity/Hub/Editor/2021.1.7f1/Editor/Data/Managed'
Mono path[1] = 'C:/Program Files/Unity/Hub/Editor/2021.1.7f1/Editor/Data/MonoBleedingEdge/lib/mono/unityjit'
Mono config path = 'C:/Program Files/Unity/Hub/Editor/2021.1.7f1/Editor/Data/MonoBleedingEdge/etc'
Using monoOptions --debugger-agent=transport=dt_socket,embedding=1,server=y,suspend=n,address=127.0.0.1:56720
Begin MonoManager ReloadAssembly
Registering precompiled unity dll's ...
Register platform support module: C:/Program Files/Unity/Hub/Editor/2021.1.7f1/Editor/Data/PlaybackEngines/WindowsStandaloneSupport/UnityEditor.WindowsStandalone.Extensions.dll
Registered in 0.001046 seconds.
Native extension for WindowsStandalone target not found
Refreshing native plugins compatible for Editor in 117.33 ms, found 2 plugins.
Preloading 0 native plugins for Editor in 0.00 ms.
Mono: successfully reloaded assembly
- Completed reload, in  2.758 seconds
Platform modules already initialized, skipping
Registering precompiled user dll's ...
Registered in 0.002130 seconds.
Begin MonoManager ReloadAssembly
Symbol file LoadedFromMemory doesn't match image C:\Users\EdiC\Desktop\Courses\Game Design and Development\Project-2-Game\Project-2\Library\PackageCache\com.unity.visualscripting@1.6.1\Editor\VisualScripting.Core\Dependencies\YamlDotNet\Unity.VisualScripting.YamlDotNet.dll
Symbol file LoadedFromMemory doesn't match image C:\Users\EdiC\Desktop\Courses\Game Design and Development\Project-2-Game\Project-2\Library\PackageCache\com.unity.visualscripting@1.6.1\Editor\VisualScripting.Core\Dependencies\DotNetZip\Unity.VisualScripting.IonicZip.dll
Native extension for WindowsStandalone target not found
Refreshing native plugins compatible for Editor in 83.55 ms, found 2 plugins.
Preloading 0 native plugins for Editor in 0.00 ms.
Mono: successfully reloaded assembly
- Completed reload, in  0.996 seconds
Platform modules already initialized, skipping
========================================================================
Worker process is ready to serve import requests
Launched and connected shader compiler UnityShaderCompiler.exe after 0.04 seconds
Refreshing native plugins compatible for Editor in 0.64 ms, found 2 plugins.
Preloading 0 native plugins for Editor in 0.00 ms.
Unloading 3376 Unused Serialized files (Serialized files now loaded: 0)
System memory in use before: 128.9 MB.
System memory in use after: 129.1 MB.

Unloading 23 unused Assets to reduce memory usage. Loaded Objects now: 3834.
Total: 2.252300 ms (FindLiveObjects: 0.231500 ms CreateObjectMapping: 0.118500 ms MarkObjects: 1.855500 ms  DeleteObjects: 0.045900 ms)

========================================================================
Received Import Request.
  path: Assets/Scripts
  artifactKey: Guid(e9487a22bcf484960a91f2080c5b7a2f) Importer(815301076,1909f56bfc062723c751e8b465ee728b)
Start importing Assets/Scripts using Guid(e9487a22bcf484960a91f2080c5b7a2f) Importer(815301076,1909f56bfc062723c751e8b465ee728b)  -> (artifact id: '51b361d452c0f04ceaa937db13fa7b76') in 0.009602 seconds 
========================================================================
Received Import Request.
  Time since last request: 0.000224 seconds.
  path: Assets/Scripts/CameraController.cs
  artifactKey: Guid(fc6f4263da63047559a5f564227ae244) Importer(815301076,1909f56bfc062723c751e8b465ee728b)
Start importing Assets/Scripts/CameraController.cs using Guid(fc6f4263da63047559a5f564227ae244) Importer(815301076,1909f56bfc062723c751e8b465ee728b)  -> (artifact id: '5d0a3b08464006f288c0a8dc9fdaf2c3') in 0.054123 seconds 
========================================================================
Received Import Request.
  Time since last request: 1.118842 seconds.
  path: Assets/Scripts/Enemy.cs
  artifactKey: Guid(55f2e63ada794e842a04a2304b294f44) Importer(815301076,1909f56bfc062723c751e8b465ee728b)
Start importing Assets/Scripts/Enemy.cs using Guid(55f2e63ada794e842a04a2304b294f44) Importer(815301076,1909f56bfc062723c751e8b465ee728b)  -> (artifact id: 'a84850722cb96c19128c50c3d4e20280') in 0.006161 seconds 
========================================================================
Received Import Request.
  Time since last request: 3.461784 seconds.
  path: Assets/Scripts/LineOfSight.cs
  artifactKey: Guid(6ff1126434894414cb4b15fbf28484cd) Importer(815301076,1909f56bfc062723c751e8b465ee728b)
Start importing Assets/Scripts/LineOfSight.cs using Guid(6ff1126434894414cb4b15fbf28484cd) Importer(815301076,1909f56bfc062723c751e8b465ee728b)  -> (artifact id: '98588420ad9959358cedf650010d8efe') in 0.007915 seconds 
========================================================================
Received Import Request.
  Time since last request: 22.510338 seconds.
  path: Assets/Scripts/Player.cs
  artifactKey: Guid(a765427fd2ba741eaa53dd26787810d9) Importer(815301076,1909f56bfc062723c751e8b465ee728b)
Start importing Assets/Scripts/Player.cs using Guid(a765427fd2ba741eaa53dd26787810d9) Importer(815301076,1909f56bfc062723c751e8b465ee728b)  -> (artifact id: '629807f2098f8610b653fcdf3de2c879') in 0.006784 seconds 
========================================================================
Received Import Request.
  Time since last request: 4.050134 seconds.
  path: Assets/Scripts/Treasure.cs
  artifactKey: Guid(fca71b264d7c04594a76bade6bb56062) Importer(815301076,1909f56bfc062723c751e8b465ee728b)
Start importing Assets/Scripts/Treasure.cs using Guid(fca71b264d7c04594a76bade6bb56062) Importer(815301076,1909f56bfc062723c751e8b465ee728b)  -> (artifact id: '67a631c93b984f4fd05b7bfcbecb33dd') in 0.009992 seconds 
========================================================================
Received Import Request.
  Time since last request: 15.417512 seconds.
  path: Assets/Prefabs/Enemy.prefab
  artifactKey: Guid(6f0c268ef6df41f4bab5d4a7783f4cbc) Importer(815301076,1909f56bfc062723c751e8b465ee728b)
Start importing Assets/Prefabs/Enemy.prefab using Guid(6f0c268ef6df41f4bab5d4a7783f4cbc) Importer(815301076,1909f56bfc062723c751e8b465ee728b)  -> (artifact id: 'aa9f0c929b6692b5b10eedea8df0d9a3') in 0.085947 seconds 
========================================================================
Received Import Request.
  Time since last request: 0.000187 seconds.
  path: Assets/Prefabs/Obstacle.prefab
  artifactKey: Guid(30382ff68967844ecabe166e22ce3b0a) Importer(815301076,1909f56bfc062723c751e8b465ee728b)
Start importing Assets/Prefabs/Obstacle.prefab using Guid(30382ff68967844ecabe166e22ce3b0a) Importer(815301076,1909f56bfc062723c751e8b465ee728b)  -> (artifact id: 'a24dc27eaa6f6fae86cceaf3f926239b') in 0.015111 seconds 
========================================================================
Received Import Request.
  Time since last request: 0.000250 seconds.
  path: Assets/Prefabs/Treasure.prefab
  artifactKey: Guid(d2e9781b7baae440dbda771fc210fb97) Importer(815301076,1909f56bfc062723c751e8b465ee728b)
Start importing Assets/Prefabs/Treasure.prefab using Guid(d2e9781b7baae440dbda771fc210fb97) Importer(815301076,1909f56bfc062723c751e8b465ee728b)  -> (artifact id: '743d83ff9b365f3d390c969d26d531cb') in 0.010198 seconds 
========================================================================
Received Import Request.
  Time since last request: 0.000252 seconds.
  path: Assets/Prefabs/Player.prefab
  artifactKey: Guid(d7d1502a1afd0421fb2902a3b79d8176) Importer(815301076,1909f56bfc062723c751e8b465ee728b)
Start importing Assets/Prefabs/Player.prefab using Guid(d7d1502a1afd0421fb2902a3b79d8176) Importer(815301076,1909f56bfc062723c751e8b465ee728b)  -> (artifact id: '6964261430725831e146737f8b08c94c') in 0.010864 seconds 
========================================================================
Received Import Request.
  Time since last request: 444.897349 seconds.
  path: Assets/Scripts/DestroyInXSeconds.cs
  artifactKey: Guid(11c6b2a35a9eb764298f10aeeafde1db) Importer(815301076,1909f56bfc062723c751e8b465ee728b)
Start importing Assets/Scripts/DestroyInXSeconds.cs using Guid(11c6b2a35a9eb764298f10aeeafde1db) Importer(815301076,1909f56bfc062723c751e8b465ee728b)  -> (artifact id: '87c4ee35ab6d0297edff1899a8d27553') in 0.007479 seconds 
========================================================================
Received Prepare
Registering precompiled user dll's ...
Registered in 0.001836 seconds.
Begin MonoManager ReloadAssembly
Symbol file LoadedFromMemory doesn't match image C:\Users\EdiC\Desktop\Courses\Game Design and Development\Project-2-Game\Project-2\Library\PackageCache\com.unity.visualscripting@1.6.1\Editor\VisualScripting.Core\Dependencies\YamlDotNet\Unity.VisualScripting.YamlDotNet.dll
Symbol file LoadedFromMemory doesn't match image C:\Users\EdiC\Desktop\Courses\Game Design and Development\Project-2-Game\Project-2\Library\PackageCache\com.unity.visualscripting@1.6.1\Editor\VisualScripting.Core\Dependencies\DotNetZip\Unity.VisualScripting.IonicZip.dll
Native extension for WindowsStandalone target not found
Refreshing native plugins compatible for Editor in 0.57 ms, found 2 plugins.
Preloading 0 native plugins for Editor in 0.00 ms.
Mono: successfully reloaded assembly
- Completed reload, in  0.898 seconds
Platform modules already initialized, skipping
Refreshing native plugins compatible for Editor in 1.29 ms, found 2 plugins.
Preloading 0 native plugins for Editor in 0.00 ms.
Unloading 3367 Unused Serialized files (Serialized files now loaded: 0)
System memory in use before: 132.1 MB.
System memory in use after: 132.3 MB.

Unloading 11 unused Assets to reduce memory usage. Loaded Objects now: 3846.
Total: 2.743400 ms (FindLiveObjects: 0.324300 ms CreateObjectMapping: 0.209300 ms MarkObjects: 2.188100 ms  DeleteObjects: 0.020400 ms)

========================================================================
Received Prepare
Registering precompiled user dll's ...
Registered in 0.002159 seconds.
Begin MonoManager ReloadAssembly
Symbol file LoadedFromMemory doesn't match image C:\Users\EdiC\Desktop\Courses\Game Design and Development\Project-2-Game\Project-2\Library\PackageCache\com.unity.visualscripting@1.6.1\Editor\VisualScripting.Core\Dependencies\YamlDotNet\Unity.VisualScripting.YamlDotNet.dll
Symbol file LoadedFromMemory doesn't match image C:\Users\EdiC\Desktop\Courses\Game Design and Development\Project-2-Game\Project-2\Library\PackageCache\com.unity.visualscripting@1.6.1\Editor\VisualScripting.Core\Dependencies\DotNetZip\Unity.VisualScripting.IonicZip.dll
Native extension for WindowsStandalone target not found
Refreshing native plugins compatible for Editor in 0.56 ms, found 2 plugins.
Preloading 0 native plugins for Editor in 0.00 ms.
Mono: successfully reloaded assembly
- Completed reload, in  0.921 seconds
Platform modules already initialized, skipping
Refreshing native plugins compatible for Editor in 0.58 ms, found 2 plugins.
Preloading 0 native plugins for Editor in 0.00 ms.
Unloading 3367 Unused Serialized files (Serialized files now loaded: 0)
System memory in use before: 132.2 MB.
System memory in use after: 132.4 MB.

Unloading 11 unused Assets to reduce memory usage. Loaded Objects now: 3850.
Total: 2.436500 ms (FindLiveObjects: 0.266300 ms CreateObjectMapping: 0.124500 ms MarkObjects: 2.031100 ms  DeleteObjects: 0.014000 ms)

========================================================================
Received Import Request.
  Time since last request: 25.598612 seconds.
  path: Assets/Scripts/DestroyInXSeconds.cs
  artifactKey: Guid(11c6b2a35a9eb764298f10aeeafde1db) Importer(815301076,1909f56bfc062723c751e8b465ee728b)
Start importing Assets/Scripts/DestroyInXSeconds.cs using Guid(11c6b2a35a9eb764298f10aeeafde1db) Importer(815301076,1909f56bfc062723c751e8b465ee728b)  -> (artifact id: '6b0607a0adfc298c10dc9f7df20caa62') in 0.005862 seconds 
========================================================================
Received Import Request.
  Time since last request: 180.530082 seconds.
  path: Assets/Scripts/EnemySpawner.cs
  artifactKey: Guid(678d947af925b7241b56695c86812a0f) Importer(815301076,1909f56bfc062723c751e8b465ee728b)
Start importing Assets/Scripts/EnemySpawner.cs using Guid(678d947af925b7241b56695c86812a0f) Importer(815301076,1909f56bfc062723c751e8b465ee728b)  -> (artifact id: '8736fc603e97c0a6f08243c91086b278') in 0.006584 seconds 
========================================================================
Received Prepare
Registering precompiled user dll's ...
Registered in 0.002047 seconds.
Begin MonoManager ReloadAssembly
Symbol file LoadedFromMemory doesn't match image C:\Users\EdiC\Desktop\Courses\Game Design and Development\Project-2-Game\Project-2\Library\PackageCache\com.unity.visualscripting@1.6.1\Editor\VisualScripting.Core\Dependencies\YamlDotNet\Unity.VisualScripting.YamlDotNet.dll
Symbol file LoadedFromMemory doesn't match image C:\Users\EdiC\Desktop\Courses\Game Design and Development\Project-2-Game\Project-2\Library\PackageCache\com.unity.visualscripting@1.6.1\Editor\VisualScripting.Core\Dependencies\DotNetZip\Unity.VisualScripting.IonicZip.dll
Native extension for WindowsStandalone target not found
Refreshing native plugins compatible for Editor in 0.64 ms, found 2 plugins.
Preloading 0 native plugins for Editor in 0.00 ms.
Mono: successfully reloaded assembly
- Completed reload, in  0.999 seconds
Platform modules already initialized, skipping
Refreshing native plugins compatible for Editor in 0.59 ms, found 2 plugins.
Preloading 0 native plugins for Editor in 0.00 ms.
Unloading 3368 Unused Serialized files (Serialized files now loaded: 0)
System memory in use before: 132.2 MB.
System memory in use after: 132.5 MB.

Unloading 11 unused Assets to reduce memory usage. Loaded Objects now: 3855.
Total: 2.287200 ms (FindLiveObjects: 0.230000 ms CreateObjectMapping: 0.137900 ms MarkObjects: 1.905700 ms  DeleteObjects: 0.012900 ms)

========================================================================
Received Import Request.
  Time since last request: 69.570918 seconds.
  path: Assets/Scripts/EnemySpawner.cs
  artifactKey: Guid(678d947af925b7241b56695c86812a0f) Importer(815301076,1909f56bfc062723c751e8b465ee728b)
Start importing Assets/Scripts/EnemySpawner.cs using Guid(678d947af925b7241b56695c86812a0f) Importer(815301076,1909f56bfc062723c751e8b465ee728b)  -> (artifact id: '9a2b749b29f8011040d8ab3ccc028234') in 0.007720 seconds 
========================================================================
Received Import Request.
  Time since last request: 23.862806 seconds.
  path: Assets/Scripts/EnemySpawnInfo.cs
  artifactKey: Guid(f5ca9e52222b2b5408726d3c829a0ad8) Importer(815301076,1909f56bfc062723c751e8b465ee728b)
Start importing Assets/Scripts/EnemySpawnInfo.cs using Guid(f5ca9e52222b2b5408726d3c829a0ad8) Importer(815301076,1909f56bfc062723c751e8b465ee728b)  -> (artifact id: '0c280acada5fd8888ddb37428103d7ce') in 0.002990 seconds 
========================================================================
Received Import Request.
  Time since last request: 39.913738 seconds.
  path: Assets/Scripts/EnemySpawnInfo.cs
  artifactKey: Guid(f5ca9e52222b2b5408726d3c829a0ad8) Importer(815301076,1909f56bfc062723c751e8b465ee728b)
Start importing Assets/Scripts/EnemySpawnInfo.cs using Guid(f5ca9e52222b2b5408726d3c829a0ad8) Importer(815301076,1909f56bfc062723c751e8b465ee728b)  -> (artifact id: '2bb7d139ae0e6ee0ac53536811b1edae') in 0.002625 seconds 
========================================================================
Received Prepare
Registering precompiled user dll's ...
Registered in 0.002004 seconds.
Begin MonoManager ReloadAssembly
Symbol file LoadedFromMemory doesn't match image C:\Users\EdiC\Desktop\Courses\Game Design and Development\Project-2-Game\Project-2\Library\PackageCache\com.unity.visualscripting@1.6.1\Editor\VisualScripting.Core\Dependencies\YamlDotNet\Unity.VisualScripting.YamlDotNet.dll
Symbol file LoadedFromMemory doesn't match image C:\Users\EdiC\Desktop\Courses\Game Design and Development\Project-2-Game\Project-2\Library\PackageCache\com.unity.visualscripting@1.6.1\Editor\VisualScripting.Core\Dependencies\DotNetZip\Unity.VisualScripting.IonicZip.dll
Native extension for WindowsStandalone target not found
Refreshing native plugins compatible for Editor in 0.55 ms, found 2 plugins.
Preloading 0 native plugins for Editor in 0.00 ms.
Mono: successfully reloaded assembly
- Completed reload, in  0.892 seconds
Platform modules already initialized, skipping
Refreshing native plugins compatible for Editor in 0.69 ms, found 2 plugins.
Preloading 0 native plugins for Editor in 0.00 ms.
Unloading 3369 Unused Serialized files (Serialized files now loaded: 0)
System memory in use before: 132.3 MB.
System memory in use after: 132.5 MB.

Unloading 11 unused Assets to reduce memory usage. Loaded Objects now: 3860.
Total: 2.420100 ms (FindLiveObjects: 0.246200 ms CreateObjectMapping: 0.121600 ms MarkObjects: 2.034900 ms  DeleteObjects: 0.016600 ms)

========================================================================
Received Import Request.
  Time since last request: 70.347537 seconds.
  path: Assets/Scripts/EnemySpawner.cs
  artifactKey: Guid(678d947af925b7241b56695c86812a0f) Importer(815301076,1909f56bfc062723c751e8b465ee728b)
Start importing Assets/Scripts/EnemySpawner.cs using Guid(678d947af925b7241b56695c86812a0f) Importer(815301076,1909f56bfc062723c751e8b465ee728b)  -> (artifact id: 'e08b4af4f47b2f84a5cddbd69c34017c') in 0.005735 seconds 
========================================================================
Received Prepare
Registering precompiled user dll's ...
Registered in 0.002032 seconds.
Begin MonoManager ReloadAssembly
Symbol file LoadedFromMemory doesn't match image C:\Users\EdiC\Desktop\Courses\Game Design and Development\Project-2-Game\Project-2\Library\PackageCache\com.unity.visualscripting@1.6.1\Editor\VisualScripting.Core\Dependencies\YamlDotNet\Unity.VisualScripting.YamlDotNet.dll
Symbol file LoadedFromMemory doesn't match image C:\Users\EdiC\Desktop\Courses\Game Design and Development\Project-2-Game\Project-2\Library\PackageCache\com.unity.visualscripting@1.6.1\Editor\VisualScripting.Core\Dependencies\DotNetZip\Unity.VisualScripting.IonicZip.dll
Native extension for WindowsStandalone target not found
Refreshing native plugins compatible for Editor in 0.58 ms, found 2 plugins.
Preloading 0 native plugins for Editor in 0.00 ms.
Mono: successfully reloaded assembly
- Completed reload, in  0.859 seconds
Platform modules already initialized, skipping
Refreshing native plugins compatible for Editor in 0.58 ms, found 2 plugins.
Preloading 0 native plugins for Editor in 0.00 ms.
Unloading 3369 Unused Serialized files (Serialized files now loaded: 0)
System memory in use before: 132.3 MB.
System memory in use after: 132.5 MB.

Unloading 11 unused Assets to reduce memory usage. Loaded Objects now: 3864.
Total: 2.548900 ms (FindLiveObjects: 0.248500 ms CreateObjectMapping: 0.279300 ms MarkObjects: 2.005100 ms  DeleteObjects: 0.015100 ms)

========================================================================
Received Import Request.
  Time since last request: 111.340345 seconds.
  path: Assets/Prefabs/Enemy.prefab
  artifactKey: Guid(6f0c268ef6df41f4bab5d4a7783f4cbc) Importer(815301076,1909f56bfc062723c751e8b465ee728b)
Start importing Assets/Prefabs/Enemy.prefab using Guid(6f0c268ef6df41f4bab5d4a7783f4cbc) Importer(815301076,1909f56bfc062723c751e8b465ee728b)  -> (artifact id: '251c1126be3d49ec6f2af5eaee825e54') in 0.053832 seconds 
========================================================================
Received Prepare
Registering precompiled user dll's ...
Registered in 0.001972 seconds.
Begin MonoManager ReloadAssembly
Symbol file LoadedFromMemory doesn't match image C:\Users\EdiC\Desktop\Courses\Game Design and Development\Project-2-Game\Project-2\Library\PackageCache\com.unity.visualscripting@1.6.1\Editor\VisualScripting.Core\Dependencies\YamlDotNet\Unity.VisualScripting.YamlDotNet.dll
Symbol file LoadedFromMemory doesn't match image C:\Users\EdiC\Desktop\Courses\Game Design and Development\Project-2-Game\Project-2\Library\PackageCache\com.unity.visualscripting@1.6.1\Editor\VisualScripting.Core\Dependencies\DotNetZip\Unity.VisualScripting.IonicZip.dll
Native extension for WindowsStandalone target not found
Refreshing native plugins compatible for Editor in 0.57 ms, found 2 plugins.
Preloading 0 native plugins for Editor in 0.00 ms.
Mono: successfully reloaded assembly
- Completed reload, in  0.890 seconds
Platform modules already initialized, skipping
Refreshing native plugins compatible for Editor in 0.54 ms, found 2 plugins.
Preloading 0 native plugins for Editor in 0.00 ms.
Unloading 3369 Unused Serialized files (Serialized files now loaded: 0)
System memory in use before: 132.3 MB.
System memory in use after: 132.5 MB.

Unloading 11 unused Assets to reduce memory usage. Loaded Objects now: 3869.
Total: 2.505800 ms (FindLiveObjects: 0.330200 ms CreateObjectMapping: 0.135000 ms MarkObjects: 2.027100 ms  DeleteObjects: 0.012600 ms)

========================================================================
Received Prepare
Registering precompiled user dll's ...
Registered in 0.001978 seconds.
Begin MonoManager ReloadAssembly
Symbol file LoadedFromMemory doesn't match image C:\Users\EdiC\Desktop\Courses\Game Design and Development\Project-2-Game\Project-2\Library\PackageCache\com.unity.visualscripting@1.6.1\Editor\VisualScripting.Core\Dependencies\YamlDotNet\Unity.VisualScripting.YamlDotNet.dll
Symbol file LoadedFromMemory doesn't match image C:\Users\EdiC\Desktop\Courses\Game Design and Development\Project-2-Game\Project-2\Library\PackageCache\com.unity.visualscripting@1.6.1\Editor\VisualScripting.Core\Dependencies\DotNetZip\Unity.VisualScripting.IonicZip.dll
Native extension for WindowsStandalone target not found
Refreshing native plugins compatible for Editor in 0.76 ms, found 2 plugins.
Preloading 0 native plugins for Editor in 0.00 ms.
Mono: successfully reloaded assembly
- Completed reload, in  0.847 seconds
Platform modules already initialized, skipping
Refreshing native plugins compatible for Editor in 0.58 ms, found 2 plugins.
Preloading 0 native plugins for Editor in 0.00 ms.
Unloading 3369 Unused Serialized files (Serialized files now loaded: 0)
System memory in use before: 132.3 MB.
System memory in use after: 132.6 MB.

Unloading 11 unused Assets to reduce memory usage. Loaded Objects now: 3873.
Total: 2.085100 ms (FindLiveObjects: 0.232800 ms CreateObjectMapping: 0.154600 ms MarkObjects: 1.684000 ms  DeleteObjects: 0.012800 ms)

========================================================================
Received Prepare
Registering precompiled user dll's ...
Registered in 0.001984 seconds.
Begin MonoManager ReloadAssembly
Symbol file LoadedFromMemory doesn't match image C:\Users\EdiC\Desktop\Courses\Game Design and Development\Project-2-Game\Project-2\Library\PackageCache\com.unity.visualscripting@1.6.1\Editor\VisualScripting.Core\Dependencies\YamlDotNet\Unity.VisualScripting.YamlDotNet.dll
Symbol file LoadedFromMemory doesn't match image C:\Users\EdiC\Desktop\Courses\Game Design and Development\Project-2-Game\Project-2\Library\PackageCache\com.unity.visualscripting@1.6.1\Editor\VisualScripting.Core\Dependencies\DotNetZip\Unity.VisualScripting.IonicZip.dll
Native extension for WindowsStandalone target not found
Refreshing native plugins compatible for Editor in 0.61 ms, found 2 plugins.
Preloading 0 native plugins for Editor in 0.00 ms.
Mono: successfully reloaded assembly
- Completed reload, in  0.842 seconds
Platform modules already initialized, skipping
Refreshing native plugins compatible for Editor in 0.54 ms, found 2 plugins.
Preloading 0 native plugins for Editor in 0.00 ms.
Unloading 3369 Unused Serialized files (Serialized files now loaded: 0)
System memory in use before: 132.3 MB.
System memory in use after: 132.6 MB.

Unloading 11 unused Assets to reduce memory usage. Loaded Objects now: 3877.
Total: 2.267800 ms (FindLiveObjects: 0.235300 ms CreateObjectMapping: 0.120500 ms MarkObjects: 1.899300 ms  DeleteObjects: 0.012100 ms)

========================================================================
Received Import Request.
  Time since last request: 458.474951 seconds.
  path: Assets/Prefabs/Obstacle.prefab
  artifactKey: Guid(30382ff68967844ecabe166e22ce3b0a) Importer(815301076,1909f56bfc062723c751e8b465ee728b)
Start importing Assets/Prefabs/Obstacle.prefab using Guid(30382ff68967844ecabe166e22ce3b0a) Importer(815301076,1909f56bfc062723c751e8b465ee728b)  -> (artifact id: '09fa3e4c0d72c15e2c2c32199aef07be') in 0.053567 seconds 
========================================================================
Received Import Request.
  Time since last request: 20.514212 seconds.
  path: Assets/Prefabs/Obstacle.prefab
  artifactKey: Guid(30382ff68967844ecabe166e22ce3b0a) Importer(815301076,1909f56bfc062723c751e8b465ee728b)
Start importing Assets/Prefabs/Obstacle.prefab using Guid(30382ff68967844ecabe166e22ce3b0a) Importer(815301076,1909f56bfc062723c751e8b465ee728b)  -> (artifact id: '841a2c4f8578d03195424d7eaaceae0e') in 0.011201 seconds 
========================================================================
Received Import Request.
  Time since last request: 1.595860 seconds.
  path: Assets/Prefabs/Obstacle.prefab
  artifactKey: Guid(30382ff68967844ecabe166e22ce3b0a) Importer(815301076,1909f56bfc062723c751e8b465ee728b)
Start importing Assets/Prefabs/Obstacle.prefab using Guid(30382ff68967844ecabe166e22ce3b0a) Importer(815301076,1909f56bfc062723c751e8b465ee728b)  -> (artifact id: '8734bd54babc5690c3fa3837c8475ead') in 0.007347 seconds 
========================================================================
Received Import Request.
  Time since last request: 4.344116 seconds.
  path: Assets/Prefabs/Obstacle.prefab
  artifactKey: Guid(30382ff68967844ecabe166e22ce3b0a) Importer(815301076,1909f56bfc062723c751e8b465ee728b)
Start importing Assets/Prefabs/Obstacle.prefab using Guid(30382ff68967844ecabe166e22ce3b0a) Importer(815301076,1909f56bfc062723c751e8b465ee728b)  -> (artifact id: '379d4e5840bf0dae9d813429bfad3af5') in 0.007451 seconds 
========================================================================
Received Import Request.
  Time since last request: 3.561557 seconds.
  path: Assets/Prefabs/Obstacle.prefab
  artifactKey: Guid(30382ff68967844ecabe166e22ce3b0a) Importer(815301076,1909f56bfc062723c751e8b465ee728b)
Start importing Assets/Prefabs/Obstacle.prefab using Guid(30382ff68967844ecabe166e22ce3b0a) Importer(815301076,1909f56bfc062723c751e8b465ee728b)  -> (artifact id: 'fb39f8a8f485ba91b32325b3c7ebc162') in 0.007708 seconds 
========================================================================
Received Prepare
Registering precompiled user dll's ...
Registered in 0.001971 seconds.
Begin MonoManager ReloadAssembly
Symbol file LoadedFromMemory doesn't match image C:\Users\EdiC\Desktop\Courses\Game Design and Development\Project-2-Game\Project-2\Library\PackageCache\com.unity.visualscripting@1.6.1\Editor\VisualScripting.Core\Dependencies\YamlDotNet\Unity.VisualScripting.YamlDotNet.dll
Symbol file LoadedFromMemory doesn't match image C:\Users\EdiC\Desktop\Courses\Game Design and Development\Project-2-Game\Project-2\Library\PackageCache\com.unity.visualscripting@1.6.1\Editor\VisualScripting.Core\Dependencies\DotNetZip\Unity.VisualScripting.IonicZip.dll
Native extension for WindowsStandalone target not found
Refreshing native plugins compatible for Editor in 0.55 ms, found 2 plugins.
Preloading 0 native plugins for Editor in 0.00 ms.
Mono: successfully reloaded assembly
- Completed reload, in  0.841 seconds
Platform modules already initialized, skipping
Refreshing native plugins compatible for Editor in 0.53 ms, found 2 plugins.
Preloading 0 native plugins for Editor in 0.00 ms.
Unloading 3369 Unused Serialized files (Serialized files now loaded: 0)
System memory in use before: 132.3 MB.
System memory in use after: 132.6 MB.

Unloading 11 unused Assets to reduce memory usage. Loaded Objects now: 3882.
Total: 2.136200 ms (FindLiveObjects: 0.241200 ms CreateObjectMapping: 0.123100 ms MarkObjects: 1.758900 ms  DeleteObjects: 0.012200 ms)

========================================================================
Received Import Request.
  Time since last request: 88.107256 seconds.
  path: Assets/Prefabs/Obstacle.prefab
  artifactKey: Guid(30382ff68967844ecabe166e22ce3b0a) Importer(815301076,1909f56bfc062723c751e8b465ee728b)
Start importing Assets/Prefabs/Obstacle.prefab using Guid(30382ff68967844ecabe166e22ce3b0a) Importer(815301076,1909f56bfc062723c751e8b465ee728b)  -> (artifact id: '2ffabeeebfe66221138060f6d09587c5') in 0.048217 seconds 
========================================================================
Received Prepare
Registering precompiled user dll's ...
Registered in 0.002005 seconds.
Begin MonoManager ReloadAssembly
Symbol file LoadedFromMemory doesn't match image C:\Users\EdiC\Desktop\Courses\Game Design and Development\Project-2-Game\Project-2\Library\PackageCache\com.unity.visualscripting@1.6.1\Editor\VisualScripting.Core\Dependencies\YamlDotNet\Unity.VisualScripting.YamlDotNet.dll
Symbol file LoadedFromMemory doesn't match image C:\Users\EdiC\Desktop\Courses\Game Design and Development\Project-2-Game\Project-2\Library\PackageCache\com.unity.visualscripting@1.6.1\Editor\VisualScripting.Core\Dependencies\DotNetZip\Unity.VisualScripting.IonicZip.dll
Native extension for WindowsStandalone target not found
Refreshing native plugins compatible for Editor in 0.60 ms, found 2 plugins.
Preloading 0 native plugins for Editor in 0.00 ms.
Mono: successfully reloaded assembly
- Completed reload, in  0.845 seconds
Platform modules already initialized, skipping
Refreshing native plugins compatible for Editor in 0.56 ms, found 2 plugins.
Preloading 0 native plugins for Editor in 0.00 ms.
Unloading 3369 Unused Serialized files (Serialized files now loaded: 0)
System memory in use before: 132.4 MB.
System memory in use after: 132.6 MB.

Unloading 11 unused Assets to reduce memory usage. Loaded Objects now: 3887.
Total: 2.341400 ms (FindLiveObjects: 0.243900 ms CreateObjectMapping: 0.121900 ms MarkObjects: 1.962500 ms  DeleteObjects: 0.012400 ms)

========================================================================
Received Prepare
Registering precompiled user dll's ...
Registered in 0.001845 seconds.
Begin MonoManager ReloadAssembly
Symbol file LoadedFromMemory doesn't match image C:\Users\EdiC\Desktop\Courses\Game Design and Development\Project-2-Game\Project-2\Library\PackageCache\com.unity.visualscripting@1.6.1\Editor\VisualScripting.Core\Dependencies\YamlDotNet\Unity.VisualScripting.YamlDotNet.dll
Symbol file LoadedFromMemory doesn't match image C:\Users\EdiC\Desktop\Courses\Game Design and Development\Project-2-Game\Project-2\Library\PackageCache\com.unity.visualscripting@1.6.1\Editor\VisualScripting.Core\Dependencies\DotNetZip\Unity.VisualScripting.IonicZip.dll
Native extension for WindowsStandalone target not found
Refreshing native plugins compatible for Editor in 1.06 ms, found 2 plugins.
Preloading 0 native plugins for Editor in 0.00 ms.
Mono: successfully reloaded assembly
- Completed reload, in  0.845 seconds
Platform modules already initialized, skipping
Refreshing native plugins compatible for Editor in 0.59 ms, found 2 plugins.
Preloading 0 native plugins for Editor in 0.00 ms.
Unloading 3369 Unused Serialized files (Serialized files now loaded: 0)
System memory in use before: 132.4 MB.
System memory in use after: 132.6 MB.

Unloading 11 unused Assets to reduce memory usage. Loaded Objects now: 3891.
Total: 2.344300 ms (FindLiveObjects: 0.212900 ms CreateObjectMapping: 0.121100 ms MarkObjects: 1.993500 ms  DeleteObjects: 0.016100 ms)

========================================================================
Received Import Request.
  Time since last request: 105.137558 seconds.
  path: Assets/Scenes/HoangScene.unity
  artifactKey: Guid(7a1f31ca93143e1438d65cf9f9c05891) Importer(815301076,1909f56bfc062723c751e8b465ee728b)
Start importing Assets/Scenes/HoangScene.unity using Guid(7a1f31ca93143e1438d65cf9f9c05891) Importer(815301076,1909f56bfc062723c751e8b465ee728b)  -> (artifact id: '9e7c726743bc3edb0cfb078d323af531') in 0.017796 seconds 
========================================================================
Received Import Request.
  Time since last request: 14.555924 seconds.
  path: Assets/Scenes/Main Scene.unity
  artifactKey: Guid(2cda990e2423bbf4892e6590ba056729) Importer(815301076,1909f56bfc062723c751e8b465ee728b)
Start importing Assets/Scenes/Main Scene.unity using Guid(2cda990e2423bbf4892e6590ba056729) Importer(815301076,1909f56bfc062723c751e8b465ee728b)  -> (artifact id: '667fb8d0b50471db93bcb617f4916b83') in 0.006423 seconds 
========================================================================
Received Import Request.
  Time since last request: 25.335371 seconds.
  path: Assets/Main Scene.unity
  artifactKey: Guid(cc13eed2d946f44e2a3aa76b9e02c638) Importer(815301076,1909f56bfc062723c751e8b465ee728b)
Start importing Assets/Main Scene.unity using Guid(cc13eed2d946f44e2a3aa76b9e02c638) Importer(815301076,1909f56bfc062723c751e8b465ee728b)  -> (artifact id: 'e251f978595a10aa34e7f25746248e19') in 0.003440 seconds 
========================================================================
Received Import Request.
  Time since last request: 24.400872 seconds.
  path: Assets/Scenes/Main Scene - Copy.unity
  artifactKey: Guid(cc13eed2d946f44e2a3aa76b9e02c638) Importer(815301076,1909f56bfc062723c751e8b465ee728b)
Start importing Assets/Scenes/Main Scene - Copy.unity using Guid(cc13eed2d946f44e2a3aa76b9e02c638) Importer(815301076,1909f56bfc062723c751e8b465ee728b)  -> (artifact id: 'afa627063bd53f42a4c558aaba840417') in 0.007523 seconds 
========================================================================
Received Import Request.
  Time since last request: 18.622461 seconds.
  path: Assets/Scenes/Main Scene.unity
  artifactKey: Guid(2cda990e2423bbf4892e6590ba056729) Importer(815301076,1909f56bfc062723c751e8b465ee728b)
Start importing Assets/Scenes/Main Scene.unity using Guid(2cda990e2423bbf4892e6590ba056729) Importer(815301076,1909f56bfc062723c751e8b465ee728b)  -> (artifact id: 'a3a99d54c18c5e694e6a83c0969ae910') in 0.003135 seconds 
========================================================================
Received Import Request.
  Time since last request: 92.325192 seconds.
  path: Assets/Scenes
  artifactKey: Guid(9d91c9a5db352c445817f1f276b72c77) Importer(815301076,1909f56bfc062723c751e8b465ee728b)
Start importing Assets/Scenes using Guid(9d91c9a5db352c445817f1f276b72c77) Importer(815301076,1909f56bfc062723c751e8b465ee728b)  -> (artifact id: 'a0ff4bbd267cc0526eb8dd85f692c305') in 0.006796 seconds 
========================================================================
Received Import Request.
  Time since last request: 10.857066 seconds.
  path: Assets/Scenes/Game Over.unity
  artifactKey: Guid(b4ea3983a75e44a42b2b5442e2355faa) Importer(815301076,1909f56bfc062723c751e8b465ee728b)
Start importing Assets/Scenes/Game Over.unity using Guid(b4ea3983a75e44a42b2b5442e2355faa) Importer(815301076,1909f56bfc062723c751e8b465ee728b)  -> (artifact id: '1a7afcd2f3154ce3cccde8cacf367439') in 0.006758 seconds 
========================================================================
Received Prepare
Registering precompiled user dll's ...
Registered in 0.002115 seconds.
Begin MonoManager ReloadAssembly
Symbol file LoadedFromMemory doesn't match image C:\Users\EdiC\Desktop\Courses\Game Design and Development\Project-2-Game\Project-2\Library\PackageCache\com.unity.visualscripting@1.6.1\Editor\VisualScripting.Core\Dependencies\YamlDotNet\Unity.VisualScripting.YamlDotNet.dll
Symbol file LoadedFromMemory doesn't match image C:\Users\EdiC\Desktop\Courses\Game Design and Development\Project-2-Game\Project-2\Library\PackageCache\com.unity.visualscripting@1.6.1\Editor\VisualScripting.Core\Dependencies\DotNetZip\Unity.VisualScripting.IonicZip.dll
Native extension for WindowsStandalone target not found
Refreshing native plugins compatible for Editor in 0.84 ms, found 2 plugins.
Preloading 0 native plugins for Editor in 0.00 ms.
Mono: successfully reloaded assembly
- Completed reload, in  0.860 seconds
Platform modules already initialized, skipping
Refreshing native plugins compatible for Editor in 0.57 ms, found 2 plugins.
Preloading 0 native plugins for Editor in 0.00 ms.
Unloading 3369 Unused Serialized files (Serialized files now loaded: 0)
System memory in use before: 132.4 MB.
System memory in use after: 132.6 MB.

Unloading 11 unused Assets to reduce memory usage. Loaded Objects now: 3895.
Total: 2.568900 ms (FindLiveObjects: 0.467800 ms CreateObjectMapping: 0.128100 ms MarkObjects: 1.956500 ms  DeleteObjects: 0.015800 ms)

========================================================================
Received Import Request.
  Time since last request: 651.056757 seconds.
  path: Assets/Scripts/GameOverMenuController.cs
  artifactKey: Guid(b8de92fa70fcccb4a9a64567c0b7e9ad) Importer(815301076,1909f56bfc062723c751e8b465ee728b)
Start importing Assets/Scripts/GameOverMenuController.cs using Guid(b8de92fa70fcccb4a9a64567c0b7e9ad) Importer(815301076,1909f56bfc062723c751e8b465ee728b)  -> (artifact id: 'ba52abfa69cd6794667279a86d494925') in 0.010837 seconds 
========================================================================
Received Prepare
Registering precompiled user dll's ...
Registered in 0.002018 seconds.
Begin MonoManager ReloadAssembly
Symbol file LoadedFromMemory doesn't match image C:\Users\EdiC\Desktop\Courses\Game Design and Development\Project-2-Game\Project-2\Library\PackageCache\com.unity.visualscripting@1.6.1\Editor\VisualScripting.Core\Dependencies\YamlDotNet\Unity.VisualScripting.YamlDotNet.dll
Symbol file LoadedFromMemory doesn't match image C:\Users\EdiC\Desktop\Courses\Game Design and Development\Project-2-Game\Project-2\Library\PackageCache\com.unity.visualscripting@1.6.1\Editor\VisualScripting.Core\Dependencies\DotNetZip\Unity.VisualScripting.IonicZip.dll
Native extension for WindowsStandalone target not found
Refreshing native plugins compatible for Editor in 0.56 ms, found 2 plugins.
Preloading 0 native plugins for Editor in 0.00 ms.
Mono: successfully reloaded assembly
- Completed reload, in  0.891 seconds
Platform modules already initialized, skipping
Refreshing native plugins compatible for Editor in 0.56 ms, found 2 plugins.
Preloading 0 native plugins for Editor in 0.00 ms.
Unloading 3370 Unused Serialized files (Serialized files now loaded: 0)
System memory in use before: 132.4 MB.
System memory in use after: 132.7 MB.

Unloading 11 unused Assets to reduce memory usage. Loaded Objects now: 3900.
Total: 2.670800 ms (FindLiveObjects: 0.415800 ms CreateObjectMapping: 0.207600 ms MarkObjects: 2.032200 ms  DeleteObjects: 0.014300 ms)

========================================================================
Received Import Request.
  Time since last request: 72.811656 seconds.
  path: Assets/Scripts/GameOverMenuController.cs
  artifactKey: Guid(b8de92fa70fcccb4a9a64567c0b7e9ad) Importer(815301076,1909f56bfc062723c751e8b465ee728b)
Start importing Assets/Scripts/GameOverMenuController.cs using Guid(b8de92fa70fcccb4a9a64567c0b7e9ad) Importer(815301076,1909f56bfc062723c751e8b465ee728b)  -> (artifact id: 'b161d73d765605d2a001f472db7eee7e') in 0.007393 seconds 
========================================================================
Received Prepare
Registering precompiled user dll's ...
Registered in 0.002047 seconds.
Begin MonoManager ReloadAssembly
Symbol file LoadedFromMemory doesn't match image C:\Users\EdiC\Desktop\Courses\Game Design and Development\Project-2-Game\Project-2\Library\PackageCache\com.unity.visualscripting@1.6.1\Editor\VisualScripting.Core\Dependencies\YamlDotNet\Unity.VisualScripting.YamlDotNet.dll
Symbol file LoadedFromMemory doesn't match image C:\Users\EdiC\Desktop\Courses\Game Design and Development\Project-2-Game\Project-2\Library\PackageCache\com.unity.visualscripting@1.6.1\Editor\VisualScripting.Core\Dependencies\DotNetZip\Unity.VisualScripting.IonicZip.dll
Native extension for WindowsStandalone target not found
Refreshing native plugins compatible for Editor in 0.57 ms, found 2 plugins.
Preloading 0 native plugins for Editor in 0.00 ms.
Mono: successfully reloaded assembly
- Completed reload, in  0.882 seconds
Platform modules already initialized, skipping
Refreshing native plugins compatible for Editor in 0.88 ms, found 2 plugins.
Preloading 0 native plugins for Editor in 0.00 ms.
Unloading 3370 Unused Serialized files (Serialized files now loaded: 0)
System memory in use before: 132.4 MB.
System memory in use after: 132.7 MB.

Unloading 11 unused Assets to reduce memory usage. Loaded Objects now: 3904.
Total: 2.436200 ms (FindLiveObjects: 0.250600 ms CreateObjectMapping: 0.124800 ms MarkObjects: 2.046500 ms  DeleteObjects: 0.013400 ms)

========================================================================
Received Prepare
Registering precompiled user dll's ...
Registered in 0.001904 seconds.
Begin MonoManager ReloadAssembly
Symbol file LoadedFromMemory doesn't match image C:\Users\EdiC\Desktop\Courses\Game Design and Development\Project-2-Game\Project-2\Library\PackageCache\com.unity.visualscripting@1.6.1\Editor\VisualScripting.Core\Dependencies\YamlDotNet\Unity.VisualScripting.YamlDotNet.dll
Symbol file LoadedFromMemory doesn't match image C:\Users\EdiC\Desktop\Courses\Game Design and Development\Project-2-Game\Project-2\Library\PackageCache\com.unity.visualscripting@1.6.1\Editor\VisualScripting.Core\Dependencies\DotNetZip\Unity.VisualScripting.IonicZip.dll
Native extension for WindowsStandalone target not found
Refreshing native plugins compatible for Editor in 0.56 ms, found 2 plugins.
Preloading 0 native plugins for Editor in 0.00 ms.
Mono: successfully reloaded assembly
- Completed reload, in  0.872 seconds
Platform modules already initialized, skipping
Refreshing native plugins compatible for Editor in 1.12 ms, found 2 plugins.
Preloading 0 native plugins for Editor in 0.00 ms.
Unloading 3370 Unused Serialized files (Serialized files now loaded: 0)
System memory in use before: 132.5 MB.
System memory in use after: 132.7 MB.

Unloading 11 unused Assets to reduce memory usage. Loaded Objects now: 3908.
Total: 3.099600 ms (FindLiveObjects: 0.476600 ms CreateObjectMapping: 0.341400 ms MarkObjects: 2.261300 ms  DeleteObjects: 0.019100 ms)

========================================================================
Received Import Request.
  Time since last request: 556.568171 seconds.
  path: Assets/Scripts/EnemySpawner.cs
  artifactKey: Guid(678d947af925b7241b56695c86812a0f) Importer(815301076,1909f56bfc062723c751e8b465ee728b)
Start importing Assets/Scripts/EnemySpawner.cs using Guid(678d947af925b7241b56695c86812a0f) Importer(815301076,1909f56bfc062723c751e8b465ee728b)  -> (artifact id: '4788601df15cfb84a08452c741069890') in 0.006423 seconds 
========================================================================
Received Import Request.
  Time since last request: 22.945689 seconds.
  path: Assets/Scenes/Game Over.unity
  artifactKey: Guid(b4ea3983a75e44a42b2b5442e2355faa) Importer(815301076,1909f56bfc062723c751e8b465ee728b)
Start importing Assets/Scenes/Game Over.unity using Guid(b4ea3983a75e44a42b2b5442e2355faa) Importer(815301076,1909f56bfc062723c751e8b465ee728b)  -> (artifact id: '1978fa26147fd084d504958333dc46df') in 0.009345 seconds 
========================================================================
Received Import Request.
  Time since last request: 7.848797 seconds.
  path: Assets/Scripts/GameOverMenuController.cs
  artifactKey: Guid(b8de92fa70fcccb4a9a64567c0b7e9ad) Importer(815301076,1909f56bfc062723c751e8b465ee728b)
Start importing Assets/Scripts/GameOverMenuController.cs using Guid(b8de92fa70fcccb4a9a64567c0b7e9ad) Importer(815301076,1909f56bfc062723c751e8b465ee728b)  -> (artifact id: '78de47835296f2fe45185913b88b86a7') in 0.002634 seconds 
========================================================================
Received Prepare
Registering precompiled user dll's ...
Registered in 0.002031 seconds.
Begin MonoManager ReloadAssembly
Symbol file LoadedFromMemory doesn't match image C:\Users\EdiC\Desktop\Courses\Game Design and Development\Project-2-Game\Project-2\Library\PackageCache\com.unity.visualscripting@1.6.1\Editor\VisualScripting.Core\Dependencies\YamlDotNet\Unity.VisualScripting.YamlDotNet.dll
Symbol file LoadedFromMemory doesn't match image C:\Users\EdiC\Desktop\Courses\Game Design and Development\Project-2-Game\Project-2\Library\PackageCache\com.unity.visualscripting@1.6.1\Editor\VisualScripting.Core\Dependencies\DotNetZip\Unity.VisualScripting.IonicZip.dll
Native extension for WindowsStandalone target not found
Refreshing native plugins compatible for Editor in 0.88 ms, found 2 plugins.
Preloading 0 native plugins for Editor in 0.00 ms.
Mono: successfully reloaded assembly
- Completed reload, in  0.874 seconds
Platform modules already initialized, skipping
Refreshing native plugins compatible for Editor in 0.58 ms, found 2 plugins.
Preloading 0 native plugins for Editor in 0.00 ms.
Unloading 3370 Unused Serialized files (Serialized files now loaded: 0)
System memory in use before: 132.5 MB.
System memory in use after: 132.7 MB.

Unloading 11 unused Assets to reduce memory usage. Loaded Objects now: 3912.
Total: 2.375200 ms (FindLiveObjects: 0.258800 ms CreateObjectMapping: 0.137000 ms MarkObjects: 1.963400 ms  DeleteObjects: 0.015000 ms)

========================================================================
Received Prepare
Registering precompiled user dll's ...
Registered in 0.002004 seconds.
Begin MonoManager ReloadAssembly
Symbol file LoadedFromMemory doesn't match image C:\Users\EdiC\Desktop\Courses\Game Design and Development\Project-2-Game\Project-2\Library\PackageCache\com.unity.visualscripting@1.6.1\Editor\VisualScripting.Core\Dependencies\YamlDotNet\Unity.VisualScripting.YamlDotNet.dll
Symbol file LoadedFromMemory doesn't match image C:\Users\EdiC\Desktop\Courses\Game Design and Development\Project-2-Game\Project-2\Library\PackageCache\com.unity.visualscripting@1.6.1\Editor\VisualScripting.Core\Dependencies\DotNetZip\Unity.VisualScripting.IonicZip.dll
Native extension for WindowsStandalone target not found
Refreshing native plugins compatible for Editor in 0.56 ms, found 2 plugins.
Preloading 0 native plugins for Editor in 0.00 ms.
Mono: successfully reloaded assembly
- Completed reload, in  0.911 seconds
Platform modules already initialized, skipping
Refreshing native plugins compatible for Editor in 1.15 ms, found 2 plugins.
Preloading 0 native plugins for Editor in 0.00 ms.
Unloading 3370 Unused Serialized files (Serialized files now loaded: 0)
System memory in use before: 132.5 MB.
System memory in use after: 132.7 MB.

Unloading 11 unused Assets to reduce memory usage. Loaded Objects now: 3916.
Total: 2.220800 ms (FindLiveObjects: 0.263600 ms CreateObjectMapping: 0.160500 ms MarkObjects: 1.779800 ms  DeleteObjects: 0.016000 ms)

========================================================================
Received Prepare
Registering precompiled user dll's ...
Registered in 0.001982 seconds.
Begin MonoManager ReloadAssembly
Symbol file LoadedFromMemory doesn't match image C:\Users\EdiC\Desktop\Courses\Game Design and Development\Project-2-Game\Project-2\Library\PackageCache\com.unity.visualscripting@1.6.1\Editor\VisualScripting.Core\Dependencies\YamlDotNet\Unity.VisualScripting.YamlDotNet.dll
Symbol file LoadedFromMemory doesn't match image C:\Users\EdiC\Desktop\Courses\Game Design and Development\Project-2-Game\Project-2\Library\PackageCache\com.unity.visualscripting@1.6.1\Editor\VisualScripting.Core\Dependencies\DotNetZip\Unity.VisualScripting.IonicZip.dll
Native extension for WindowsStandalone target not found
Refreshing native plugins compatible for Editor in 0.56 ms, found 2 plugins.
Preloading 0 native plugins for Editor in 0.00 ms.
Mono: successfully reloaded assembly
- Completed reload, in  0.849 seconds
Platform modules already initialized, skipping
Refreshing native plugins compatible for Editor in 0.56 ms, found 2 plugins.
Preloading 0 native plugins for Editor in 0.00 ms.
Unloading 3370 Unused Serialized files (Serialized files now loaded: 0)
System memory in use before: 132.5 MB.
System memory in use after: 132.7 MB.

Unloading 11 unused Assets to reduce memory usage. Loaded Objects now: 3920.
Total: 2.173000 ms (FindLiveObjects: 0.224500 ms CreateObjectMapping: 0.130400 ms MarkObjects: 1.805100 ms  DeleteObjects: 0.012200 ms)

========================================================================
Received Prepare
Registering precompiled user dll's ...
Registered in 0.002285 seconds.
Begin MonoManager ReloadAssembly
Symbol file LoadedFromMemory doesn't match image C:\Users\EdiC\Desktop\Courses\Game Design and Development\Project-2-Game\Project-2\Library\PackageCache\com.unity.visualscripting@1.6.1\Editor\VisualScripting.Core\Dependencies\YamlDotNet\Unity.VisualScripting.YamlDotNet.dll
Symbol file LoadedFromMemory doesn't match image C:\Users\EdiC\Desktop\Courses\Game Design and Development\Project-2-Game\Project-2\Library\PackageCache\com.unity.visualscripting@1.6.1\Editor\VisualScripting.Core\Dependencies\DotNetZip\Unity.VisualScripting.IonicZip.dll
Native extension for WindowsStandalone target not found
Refreshing native plugins compatible for Editor in 0.60 ms, found 2 plugins.
Preloading 0 native plugins for Editor in 0.00 ms.
Mono: successfully reloaded assembly
- Completed reload, in  0.859 seconds
Platform modules already initialized, skipping
Refreshing native plugins compatible for Editor in 0.55 ms, found 2 plugins.
Preloading 0 native plugins for Editor in 0.00 ms.
Unloading 3370 Unused Serialized files (Serialized files now loaded: 0)
System memory in use before: 132.5 MB.
System memory in use after: 132.7 MB.

Unloading 11 unused Assets to reduce memory usage. Loaded Objects now: 3924.
Total: 2.263600 ms (FindLiveObjects: 0.240400 ms CreateObjectMapping: 0.121700 ms MarkObjects: 1.888700 ms  DeleteObjects: 0.012200 ms)

AssetImportWorkerClient::OnTransportError - code=2 error=End of file
